<?xml version="1.0" encoding="UTF-8"?>
<!-- Generated by org.testng.reporters.JUnitReportReporter -->
<testsuite skipped="0" hostname="Sandeep" name="Admin_Panel.Coupon_Discount" tests="1" failures="0" timestamp="2020-10-04T21:15:55 IST" time="38.257" errors="0">
  <testcase name="testCouponDiscount" time="38.257" classname="Admin_Panel.Coupon_Discount"/>
  <system-out/>
</testsuite> <!-- Admin_Panel.Coupon_Discount -->
