<?xml version="1.0" encoding="UTF-8"?>
<!-- Generated by org.testng.reporters.JUnitReportReporter -->
<testsuite skipped="0" hostname="Sandeep" name="Admin_Panel.PromotionDiscount" tests="1" failures="0" timestamp="2020-10-01T19:10:38 IST" time="8.775" errors="0">
  <testcase name="testPromoDiscount" time="8.775" classname="Admin_Panel.PromotionDiscount"/>
  <system-out/>
</testsuite> <!-- Admin_Panel.PromotionDiscount -->
