<?xml version="1.0" encoding="UTF-8"?>
<!-- Generated by org.testng.reporters.JUnitReportReporter -->
<testsuite skipped="0" hostname="Sandeep" name="Buyer_Panel.Buyer_Checkout" tests="1" failures="0" timestamp="2020-10-05T13:19:15 IST" time="135.139" errors="0">
  <testcase name="testProductCheckout" time="135.139" classname="Buyer_Panel.Buyer_Checkout"/>
  <system-out/>
</testsuite> <!-- Buyer_Panel.Buyer_Checkout -->
