<?xml version="1.0" encoding="UTF-8"?>
<!-- Generated by org.testng.reporters.JUnitReportReporter -->
<testsuite skipped="0" hostname="Sandeep" name="Seller_Panel.SellerFullFiillingBuyerOrders" tests="1" failures="0" timestamp="2020-10-05T15:01:29 IST" time="20.233" errors="0">
  <testcase name="testSellerFullfillment" time="20.233" classname="Seller_Panel.SellerFullFiillingBuyerOrders"/>
  <system-out/>
</testsuite> <!-- Seller_Panel.SellerFullFiillingBuyerOrders -->
