<?xml version="1.0" encoding="UTF-8"?>
<!-- Generated by org.testng.reporters.JUnitReportReporter -->
<testsuite skipped="0" hostname="Sandeep" name="Seller_Panel.sellerLogin_AddProducts" tests="1" failures="0" timestamp="2020-10-04T20:58:26 IST" time="93.979" errors="0">
  <testcase name="sellerAddingProducts" time="93.979" classname="Seller_Panel.sellerLogin_AddProducts"/>
  <system-out/>
</testsuite> <!-- Seller_Panel.sellerLogin_AddProducts -->
