<?xml version="1.0" encoding="UTF-8"?>
<!-- Generated by org.testng.reporters.JUnitReportReporter -->
<testsuite skipped="0" hostname="Sandeep" name="Seller_Panel.admin_approval" tests="1" failures="0" timestamp="2020-10-04T20:02:28 IST" time="152.629" errors="0">
  <testcase name="testAdminApproval" time="152.629" classname="Seller_Panel.admin_approval"/>
  <system-out/>
</testsuite> <!-- Seller_Panel.admin_approval -->
