<?xml version="1.0" encoding="UTF-8"?>
<!-- Generated by org.testng.reporters.JUnitReportReporter -->
<testsuite skipped="0" hostname="Sandeep" name="Seller_Panel.admin_approval" tests="1" failures="0" timestamp="2020-09-30T12:29:30 IST" time="19.267" errors="0">
  <testcase name="testAdminApproval" time="19.267" classname="Seller_Panel.admin_approval"/>
  <system-out/>
</testsuite> <!-- Seller_Panel.admin_approval -->
