<?xml version="1.0" encoding="UTF-8"?>
<!-- Generated by org.testng.reporters.JUnitReportReporter -->
<testsuite skipped="0" hostname="Sandeep" name="Admin_Panel.productApproval" tests="1" failures="0" timestamp="2020-10-01T18:41:21 IST" time="16.473" errors="0">
  <testcase name="testproductApproval" time="16.473" classname="Admin_Panel.productApproval"/>
  <system-out/>
</testsuite> <!-- Admin_Panel.productApproval -->
