<?xml version="1.0" encoding="UTF-8"?>
<!-- Generated by org.testng.reporters.JUnitReportReporter -->
<testsuite skipped="0" hostname="Sandeep" name="Seller_Panel.Registration" tests="1" failures="0" timestamp="2020-10-01T09:05:53 IST" time="43.694" errors="0">
  <testcase name="testRegistrationsignup" time="43.694" classname="Seller_Panel.Registration"/>
  <system-out/>
</testsuite> <!-- Seller_Panel.Registration -->
