<?xml version="1.0" encoding="UTF-8"?>
<!-- Generated by org.testng.reporters.JUnitReportReporter -->
<testsuite skipped="0" hostname="Sandeep" name="Seller_Panel.sellerBrandReistration" tests="1" failures="0" timestamp="2020-10-01T09:08:13 IST" time="80.642" errors="0">
  <testcase name="testBasicInfo" time="80.642" classname="Seller_Panel.sellerBrandReistration"/>
  <system-out/>
</testsuite> <!-- Seller_Panel.sellerBrandReistration -->
