<?xml version="1.0" encoding="UTF-8"?>
<!-- Generated by org.testng.reporters.JUnitReportReporter -->
<testsuite skipped="0" hostname="Sandeep" name="Admin_Panel.productApproval" tests="1" failures="0" timestamp="2020-10-04T21:00:25 IST" time="70.295" errors="0">
  <testcase name="testproductApproval" time="70.295" classname="Admin_Panel.productApproval"/>
  <system-out/>
</testsuite> <!-- Admin_Panel.productApproval -->
